mai. 22, 2025 9:46:53 AM liquibase.changelog
INFO: Reading resource: db/changelog/migrations/V2__db.changelog-20250521-columns.sql
mai. 22, 2025 9:46:53 AM liquibase.changelog
INFO: Reading resource: db/changelog/migrations/V3__db.changelog-20250521-cards.sql
mai. 22, 2025 9:46:53 AM liquibase.changelog
INFO: Reading resource: db/changelog/migrations/V4__db.changelog-20250521-blocks.sql
mai. 22, 2025 9:46:53 AM liquibase.changelog
INFO: Reading resource: db/changelog/migrations/db.changelog-20250520.sql
mai. 22, 2025 9:46:53 AM liquibase.changelog
INFO: Reading from board.databasechangelog
Database is up to date, no changesets to execute
mai. 22, 2025 9:46:53 AM liquibase.changelog
INFO: Reading from board.databasechangelog

UPDATE SUMMARY
Run:                          0
Previously run:               4
Filtered out:                 0
-------------------------------
Total change sets:            4

mai. 22, 2025 9:46:53 AM liquibase.util
INFO: UPDATE SUMMARY
mai. 22, 2025 9:46:53 AM liquibase.util
INFO: Run:                          0
mai. 22, 2025 9:46:53 AM liquibase.util
INFO: Previously run:               4
mai. 22, 2025 9:46:53 AM liquibase.util
INFO: Filtered out:                 0
mai. 22, 2025 9:46:53 AM liquibase.util
INFO: -------------------------------
mai. 22, 2025 9:46:53 AM liquibase.util
INFO: Total change sets:            4
mai. 22, 2025 9:46:53 AM liquibase.util
INFO: Update summary generated
mai. 22, 2025 9:46:53 AM liquibase.lockservice
INFO: Successfully released change log lock
mai. 22, 2025 9:46:53 AM liquibase.command
INFO: Command execution complete
